  Assembling kernel\direct.asm...
  imgui.cpp
  imgui_demo.cpp
  imgui_draw.cpp
  imgui_impl_dx9.cpp
  imgui_impl_win32.cpp
  imgui_tables.cpp
  imgui_widgets.cpp
  main.cpp
C:\Program Files\Microsoft Visual Studio\2022\Community\VC\Tools\MSVC\14.44.35207\include\numbers(11): warning STL4038: The contents of <numbers> are available only with C++20 or later.
C:\Users\Jo-Lenn\Desktop\landen2richautoupdated (1)\offsets\offsets.h(41,33): error C7525: Inlinevariablen erfordern mindestens "/std:c++17".
  (Quelldatei „main/main.cpp“ wird kompiliert)
  
C:\Users\Jo-Lenn\Desktop\landen2richautoupdated (1)\SDK\sdk.h(12,12): error C7525: Inlinevariablen erfordern mindestens "/std:c++17".
  (Quelldatei „main/main.cpp“ wird kompiliert)
  
C:\Users\Jo-Lenn\Desktop\landen2richautoupdated (1)\SDK\sdk.h(13,12): error C7525: Inlinevariablen erfordern mindestens "/std:c++17".
  (Quelldatei „main/main.cpp“ wird kompiliert)
  
C:\Users\Jo-Lenn\Desktop\landen2richautoupdated (1)\SDK\sdk.h(14,12): error C7525: Inlinevariablen erfordern mindestens "/std:c++17".
  (Quelldatei „main/main.cpp“ wird kompiliert)
  
C:\Users\Jo-Lenn\Desktop\landen2richautoupdated (1)\SDK\sdk.h(15,12): error C7525: Inlinevariablen erfordern mindestens "/std:c++17".
  (Quelldatei „main/main.cpp“ wird kompiliert)
  
C:\Users\Jo-Lenn\Desktop\landen2richautoupdated (1)\SDK\sdk.h(84,22): warning C4244: "=": Konvertierung von "double" in "float", möglicher Datenverlust
  (Quelldatei „main/main.cpp“ wird kompiliert)
  
C:\Users\Jo-Lenn\Desktop\landen2richautoupdated (1)\SDK\sdk.h(85,22): warning C4244: "=": Konvertierung von "double" in "float", möglicher Datenverlust
  (Quelldatei „main/main.cpp“ wird kompiliert)
  
C:\Users\Jo-Lenn\Desktop\landen2richautoupdated (1)\SDK\sdk.h(86,22): warning C4244: "=": Konvertierung von "double" in "float", möglicher Datenverlust
  (Quelldatei „main/main.cpp“ wird kompiliert)
  
C:\Users\Jo-Lenn\Desktop\landen2richautoupdated (1)\SDK\sdk.h(87,32): warning C4244: "=": Konvertierung von "double" in "float", möglicher Datenverlust
  (Quelldatei „main/main.cpp“ wird kompiliert)
  
C:\Users\Jo-Lenn\Desktop\landen2richautoupdated (1)\SDK\sdk.h(88,32): warning C4244: "=": Konvertierung von "double" in "float", möglicher Datenverlust
  (Quelldatei „main/main.cpp“ wird kompiliert)
  
C:\Users\Jo-Lenn\Desktop\landen2richautoupdated (1)\SDK\sdk.h(89,32): warning C4244: "=": Konvertierung von "double" in "float", möglicher Datenverlust
  (Quelldatei „main/main.cpp“ wird kompiliert)
  
C:\Users\Jo-Lenn\Desktop\landen2richautoupdated (1)\SDK\sdk.h(90,23): warning C4244: "=": Konvertierung von "double" in "float", möglicher Datenverlust
  (Quelldatei „main/main.cpp“ wird kompiliert)
  
C:\Users\Jo-Lenn\Desktop\landen2richautoupdated (1)\SDK\sdk.h(91,23): warning C4244: "=": Konvertierung von "double" in "float", möglicher Datenverlust
  (Quelldatei „main/main.cpp“ wird kompiliert)
  
C:\Users\Jo-Lenn\Desktop\landen2richautoupdated (1)\SDK\sdk.h(92,23): warning C4244: "=": Konvertierung von "double" in "float", möglicher Datenverlust
  (Quelldatei „main/main.cpp“ wird kompiliert)
  
C:\Users\Jo-Lenn\Desktop\landen2richautoupdated (1)\SDK\sdk.h(93,23): warning C4244: "=": Konvertierung von "double" in "float", möglicher Datenverlust
  (Quelldatei „main/main.cpp“ wird kompiliert)
  
C:\Users\Jo-Lenn\Desktop\landen2richautoupdated (1)\SDK\sdk.h(94,23): warning C4244: "=": Konvertierung von "double" in "float", möglicher Datenverlust
  (Quelldatei „main/main.cpp“ wird kompiliert)
  
C:\Users\Jo-Lenn\Desktop\landen2richautoupdated (1)\SDK\sdk.h(95,23): warning C4244: "=": Konvertierung von "double" in "float", möglicher Datenverlust
  (Quelldatei „main/main.cpp“ wird kompiliert)
  
C:\Users\Jo-Lenn\Desktop\landen2richautoupdated (1)\SDK\sdk.h(129,17): warning C4244: "Initialisierung": Konvertierung von "double" in "float", möglicher Datenverlust
  (Quelldatei „main/main.cpp“ wird kompiliert)
  
C:\Users\Jo-Lenn\Desktop\landen2richautoupdated (1)\SDK\sdk.h(130,15): warning C4244: "Initialisierung": Konvertierung von "double" in "float", möglicher Datenverlust
  (Quelldatei „main/main.cpp“ wird kompiliert)
  
C:\Users\Jo-Lenn\Desktop\landen2richautoupdated (1)\SDK\sdk.h(131,16): warning C4244: "Initialisierung": Konvertierung von "double" in "float", möglicher Datenverlust
  (Quelldatei „main/main.cpp“ wird kompiliert)
  
C:\Users\Jo-Lenn\Desktop\landen2richautoupdated (1)\SDK\sdk.h(151,25): warning C4244: "=": Konvertierung von "double" in "float", möglicher Datenverlust
  (Quelldatei „main/main.cpp“ wird kompiliert)
  
C:\Users\Jo-Lenn\Desktop\landen2richautoupdated (1)\SDK\sdk.h(152,25): warning C4244: "=": Konvertierung von "double" in "float", möglicher Datenverlust
  (Quelldatei „main/main.cpp“ wird kompiliert)
  
C:\Users\Jo-Lenn\Desktop\landen2richautoupdated (1)\SDK\sdk.h(153,25): warning C4244: "=": Konvertierung von "double" in "float", möglicher Datenverlust
  (Quelldatei „main/main.cpp“ wird kompiliert)
  
C:\Users\Jo-Lenn\Desktop\landen2richautoupdated (1)\SDK\sdk.h(176,19): error C7525: Inlinevariablen erfordern mindestens "/std:c++17".
  (Quelldatei „main/main.cpp“ wird kompiliert)
  
C:\Users\Jo-Lenn\Desktop\landen2richautoupdated (1)\SDK\sdk.h(177,19): error C7525: Inlinevariablen erfordern mindestens "/std:c++17".
  (Quelldatei „main/main.cpp“ wird kompiliert)
  
C:\Users\Jo-Lenn\Desktop\landen2richautoupdated (1)\SDK\sdk.h(178,19): error C7525: Inlinevariablen erfordern mindestens "/std:c++17".
  (Quelldatei „main/main.cpp“ wird kompiliert)
  
C:\Users\Jo-Lenn\Desktop\landen2richautoupdated (1)\SDK\sdk.h(179,19): error C7525: Inlinevariablen erfordern mindestens "/std:c++17".
  (Quelldatei „main/main.cpp“ wird kompiliert)
  
C:\Users\Jo-Lenn\Desktop\landen2richautoupdated (1)\SDK\sdk.h(180,19): error C7525: Inlinevariablen erfordern mindestens "/std:c++17".
  (Quelldatei „main/main.cpp“ wird kompiliert)
  
C:\Users\Jo-Lenn\Desktop\landen2richautoupdated (1)\SDK\sdk.h(181,19): error C7525: Inlinevariablen erfordern mindestens "/std:c++17".
  (Quelldatei „main/main.cpp“ wird kompiliert)
  
C:\Users\Jo-Lenn\Desktop\landen2richautoupdated (1)\SDK\sdk.h(182,19): error C7525: Inlinevariablen erfordern mindestens "/std:c++17".
  (Quelldatei „main/main.cpp“ wird kompiliert)
  
C:\Users\Jo-Lenn\Desktop\landen2richautoupdated (1)\SDK\sdk.h(183,17): error C7525: Inlinevariablen erfordern mindestens "/std:c++17".
  (Quelldatei „main/main.cpp“ wird kompiliert)
  
C:\Users\Jo-Lenn\Desktop\landen2richautoupdated (1)\SDK\sdk.h(184,17): error C7525: Inlinevariablen erfordern mindestens "/std:c++17".
  (Quelldatei „main/main.cpp“ wird kompiliert)
  
C:\Users\Jo-Lenn\Desktop\landen2richautoupdated (1)\SDK\sdk.h(185,17): error C7525: Inlinevariablen erfordern mindestens "/std:c++17".
  (Quelldatei „main/main.cpp“ wird kompiliert)
  
C:\Users\Jo-Lenn\Desktop\landen2richautoupdated (1)\SDK\sdk.h(186,19): error C7525: Inlinevariablen erfordern mindestens "/std:c++17".
  (Quelldatei „main/main.cpp“ wird kompiliert)
  
C:\Users\Jo-Lenn\Desktop\landen2richautoupdated (1)\SDK\sdk.h(187,13): error C7525: Inlinevariablen erfordern mindestens "/std:c++17".
  (Quelldatei „main/main.cpp“ wird kompiliert)
  
C:\Users\Jo-Lenn\Desktop\landen2richautoupdated (1)\SDK\sdk.h(188,19): error C7525: Inlinevariablen erfordern mindestens "/std:c++17".
  (Quelldatei „main/main.cpp“ wird kompiliert)
  
C:\Users\Jo-Lenn\Desktop\landen2richautoupdated (1)\SDK\sdk.h(189,19): error C7525: Inlinevariablen erfordern mindestens "/std:c++17".
  (Quelldatei „main/main.cpp“ wird kompiliert)
  
C:\Users\Jo-Lenn\Desktop\landen2richautoupdated (1)\SDK\sdk.h(190,13): error C7525: Inlinevariablen erfordern mindestens "/std:c++17".
  (Quelldatei „main/main.cpp“ wird kompiliert)
  
C:\Users\Jo-Lenn\Desktop\landen2richautoupdated (1)\SDK\sdk.h(191,15): error C7525: Inlinevariablen erfordern mindestens "/std:c++17".
  (Quelldatei „main/main.cpp“ wird kompiliert)
  
C:\Users\Jo-Lenn\Desktop\landen2richautoupdated (1)\SDK\sdk.h(192,19): error C7525: Inlinevariablen erfordern mindestens "/std:c++17".
  (Quelldatei „main/main.cpp“ wird kompiliert)
  
C:\Users\Jo-Lenn\Desktop\landen2richautoupdated (1)\SDK\sdk.h(193,19): error C7525: Inlinevariablen erfordern mindestens "/std:c++17".
  (Quelldatei „main/main.cpp“ wird kompiliert)
  
C:\Users\Jo-Lenn\Desktop\landen2richautoupdated (1)\SDK\sdk.h(194,19): error C7525: Inlinevariablen erfordern mindestens "/std:c++17".
  (Quelldatei „main/main.cpp“ wird kompiliert)
  
C:\Users\Jo-Lenn\Desktop\landen2richautoupdated (1)\SDK\sdk.h(195,19): error C7525: Inlinevariablen erfordern mindestens "/std:c++17".
  (Quelldatei „main/main.cpp“ wird kompiliert)
  
C:\Users\Jo-Lenn\Desktop\landen2richautoupdated (1)\SDK\sdk.h(196,16): error C7525: Inlinevariablen erfordern mindestens "/std:c++17".
  (Quelldatei „main/main.cpp“ wird kompiliert)
  
C:\Users\Jo-Lenn\Desktop\landen2richautoupdated (1)\SDK\sdk.h(249,34): error C7525: Inlinevariablen erfordern mindestens "/std:c++17".
  (Quelldatei „main/main.cpp“ wird kompiliert)
  
C:\Users\Jo-Lenn\Desktop\landen2richautoupdated (1)\SDK\sdk.h(250,34): error C7525: Inlinevariablen erfordern mindestens "/std:c++17".
  (Quelldatei „main/main.cpp“ wird kompiliert)
  
C:\Users\Jo-Lenn\Desktop\landen2richautoupdated (1)\SDK\sdk.h(252,15): error C7525: Inlinevariablen erfordern mindestens "/std:c++17".
  (Quelldatei „main/main.cpp“ wird kompiliert)
  
C:\Users\Jo-Lenn\Desktop\landen2richautoupdated (1)\SDK\sdk.h(253,28): error C7525: Inlinevariablen erfordern mindestens "/std:c++17".
  (Quelldatei „main/main.cpp“ wird kompiliert)
  
C:\Users\Jo-Lenn\Desktop\landen2richautoupdated (1)\SDK\sdk.h(292,108): warning C4244: "Argument": Konvertierung von "double" in "float", möglicher Datenverlust
  (Quelldatei „main/main.cpp“ wird kompiliert)
  
C:\Users\Jo-Lenn\Desktop\landen2richautoupdated (1)\SDK\sdk.h(292,226): warning C4244: "Argument": Konvertierung von "double" in "float", möglicher Datenverlust
  (Quelldatei „main/main.cpp“ wird kompiliert)
  
C:\Users\Jo-Lenn\Desktop\landen2richautoupdated (1)\SDK\sdk.h(322,11): warning C4244: "=": Konvertierung von "__int64" in "char", möglicher Datenverlust
  (Quelldatei „main/main.cpp“ wird kompiliert)
  
C:\Users\Jo-Lenn\Desktop\landen2richautoupdated (1)\SDK\sdk.h(329,12): warning C4244: "=": Konvertierung von "__int64" in "int", möglicher Datenverlust
  (Quelldatei „main/main.cpp“ wird kompiliert)
  
C:\Users\Jo-Lenn\Desktop\landen2richautoupdated (1)\SDK\sdk.h(507,21): warning C4018: "<": Konflikt zwischen "signed" und "unsigned"
  (Quelldatei „main/main.cpp“ wird kompiliert)
  
C:\Users\Jo-Lenn\Desktop\landen2richautoupdated (1)\SDK\sdk.h(517,22): warning C4018: "<": Konflikt zwischen "signed" und "unsigned"
  (Quelldatei „main/main.cpp“ wird kompiliert)
  
C:\Users\Jo-Lenn\Desktop\landen2richautoupdated (1)\SDK\sdk.h(534,16): warning C4244: "Initialisierung": Konvertierung von "double" in "float", möglicher Datenverlust
  (Quelldatei „main/main.cpp“ wird kompiliert)
  
C:\Users\Jo-Lenn\Desktop\landen2richautoupdated (1)\SDK\sdk.h(549,25): error C2514: "std::unique_lock": Klassenvorlage kann nicht erstellt werden.
  (Quelldatei „main/main.cpp“ wird kompiliert)
      C:\Program Files\Microsoft Visual Studio\2022\Community\VC\Tools\MSVC\14.44.35207\include\mutex(136,7):
      Siehe Deklaration von "std::unique_lock"
  
C:\Users\Jo-Lenn\Desktop\landen2richautoupdated (1)\SDK\sdk.h(588,23): error C2514: "std::shared_lock": Klassenvorlage kann nicht erstellt werden.
  (Quelldatei „main/main.cpp“ wird kompiliert)
      C:\Program Files\Microsoft Visual Studio\2022\Community\VC\Tools\MSVC\14.44.35207\include\shared_mutex(209,7):
      Siehe Deklaration von "std::shared_lock"
  
C:\Users\Jo-Lenn\Desktop\landen2richautoupdated (1)\settings\settings.h(2,13): error C7525: Inlinevariablen erfordern mindestens "/std:c++17".
  (Quelldatei „main/main.cpp“ wird kompiliert)
  
C:\Users\Jo-Lenn\Desktop\landen2richautoupdated (1)\settings\settings.h(3,12): error C7525: Inlinevariablen erfordern mindestens "/std:c++17".
  (Quelldatei „main/main.cpp“ wird kompiliert)
  
C:\Users\Jo-Lenn\Desktop\landen2richautoupdated (1)\settings\settings.h(17,12): error C7525: Inlinevariablen erfordern mindestens "/std:c++17".
  (Quelldatei „main/main.cpp“ wird kompiliert)
  
C:\Users\Jo-Lenn\Desktop\landen2richautoupdated (1)\settings\settings.h(34,15): error C7525: Inlinevariablen erfordern mindestens "/std:c++17".
  (Quelldatei „main/main.cpp“ wird kompiliert)
  
C:\Users\Jo-Lenn\Desktop\landen2richautoupdated (1)\settings\settings.h(35,21): error C7525: Inlinevariablen erfordern mindestens "/std:c++17".
  (Quelldatei „main/main.cpp“ wird kompiliert)
  
C:\Users\Jo-Lenn\Desktop\landen2richautoupdated (1)\settings\settings.h(36,21): error C7525: Inlinevariablen erfordern mindestens "/std:c++17".
  (Quelldatei „main/main.cpp“ wird kompiliert)
  
C:\Users\Jo-Lenn\Desktop\landen2richautoupdated (1)\settings\settings.h(37,21): error C7525: Inlinevariablen erfordern mindestens "/std:c++17".
  (Quelldatei „main/main.cpp“ wird kompiliert)
  
C:\Users\Jo-Lenn\Desktop\landen2richautoupdated (1)\settings\settings.h(38,21): error C7525: Inlinevariablen erfordern mindestens "/std:c++17".
  (Quelldatei „main/main.cpp“ wird kompiliert)
  
C:\Users\Jo-Lenn\Desktop\landen2richautoupdated (1)\settings\settings.h(39,21): error C7525: Inlinevariablen erfordern mindestens "/std:c++17".
  (Quelldatei „main/main.cpp“ wird kompiliert)
  
C:\Users\Jo-Lenn\Desktop\landen2richautoupdated (1)\settings\settings.h(40,21): error C7525: Inlinevariablen erfordern mindestens "/std:c++17".
  (Quelldatei „main/main.cpp“ wird kompiliert)
  
C:\Users\Jo-Lenn\Desktop\landen2richautoupdated (1)\settings\settings.h(41,21): error C7525: Inlinevariablen erfordern mindestens "/std:c++17".
  (Quelldatei „main/main.cpp“ wird kompiliert)
  
C:\Users\Jo-Lenn\Desktop\landen2richautoupdated (1)\settings\settings.h(42,21): error C7525: Inlinevariablen erfordern mindestens "/std:c++17".
  (Quelldatei „main/main.cpp“ wird kompiliert)
  
C:\Users\Jo-Lenn\Desktop\landen2richautoupdated (1)\settings\settings.h(43,21): error C7525: Inlinevariablen erfordern mindestens "/std:c++17".
  (Quelldatei „main/main.cpp“ wird kompiliert)
  
C:\Users\Jo-Lenn\Desktop\landen2richautoupdated (1)\settings\settings.h(44,22): error C7525: Inlinevariablen erfordern mindestens "/std:c++17".
  (Quelldatei „main/main.cpp“ wird kompiliert)
  
C:\Users\Jo-Lenn\Desktop\landen2richautoupdated (1)\settings\settings.h(45,20): error C7525: Inlinevariablen erfordern mindestens "/std:c++17".
  (Quelldatei „main/main.cpp“ wird kompiliert)
  
C:\Users\Jo-Lenn\Desktop\landen2richautoupdated (1)\settings\settings.h(46,21): error C7525: Inlinevariablen erfordern mindestens "/std:c++17".
  (Quelldatei „main/main.cpp“ wird kompiliert)
  
C:\Users\Jo-Lenn\Desktop\landen2richautoupdated (1)\settings\settings.h(47,21): error C7525: Inlinevariablen erfordern mindestens "/std:c++17".
  (Quelldatei „main/main.cpp“ wird kompiliert)
  
C:\Users\Jo-Lenn\Desktop\landen2richautoupdated (1)\settings\settings.h(48,21): error C7525: Inlinevariablen erfordern mindestens "/std:c++17".
  (Quelldatei „main/main.cpp“ wird kompiliert)
  
C:\Users\Jo-Lenn\Desktop\landen2richautoupdated (1)\settings\settings.h(49,21): error C7525: Inlinevariablen erfordern mindestens "/std:c++17".
  (Quelldatei „main/main.cpp“ wird kompiliert)
  
C:\Users\Jo-Lenn\Desktop\landen2richautoupdated (1)\settings\settings.h(50,21): error C7525: Inlinevariablen erfordern mindestens "/std:c++17".
  (Quelldatei „main/main.cpp“ wird kompiliert)
  
C:\Users\Jo-Lenn\Desktop\landen2richautoupdated (1)\settings\settings.h(54,24): error C7525: Inlinevariablen erfordern mindestens "/std:c++17".
  (Quelldatei „main/main.cpp“ wird kompiliert)
  
C:\Users\Jo-Lenn\Desktop\landen2richautoupdated (1)\settings\settings.h(55,24): error C7525: Inlinevariablen erfordern mindestens "/std:c++17".
  (Quelldatei „main/main.cpp“ wird kompiliert)
  
C:\Users\Jo-Lenn\Desktop\landen2richautoupdated (1)\settings\settings.h(56,24): error C7525: Inlinevariablen erfordern mindestens "/std:c++17".
  (Quelldatei „main/main.cpp“ wird kompiliert)
  
C:\Users\Jo-Lenn\Desktop\landen2richautoupdated (1)\settings\settings.h(57,24): error C7525: Inlinevariablen erfordern mindestens "/std:c++17".
  (Quelldatei „main/main.cpp“ wird kompiliert)
  
C:\Users\Jo-Lenn\Desktop\landen2richautoupdated (1)\settings\settings.h(58,24): error C7525: Inlinevariablen erfordern mindestens "/std:c++17".
  (Quelldatei „main/main.cpp“ wird kompiliert)
  
C:\Users\Jo-Lenn\Desktop\landen2richautoupdated (1)\settings\settings.h(59,24): error C7525: Inlinevariablen erfordern mindestens "/std:c++17".
  (Quelldatei „main/main.cpp“ wird kompiliert)
  
C:\Users\Jo-Lenn\Desktop\landen2richautoupdated (1)\settings\settings.h(60,24): error C7525: Inlinevariablen erfordern mindestens "/std:c++17".
  (Quelldatei „main/main.cpp“ wird kompiliert)
  
C:\Users\Jo-Lenn\Desktop\landen2richautoupdated (1)\settings\settings.h(61,24): error C7525: Inlinevariablen erfordern mindestens "/std:c++17".
  (Quelldatei „main/main.cpp“ wird kompiliert)
  
C:\Users\Jo-Lenn\Desktop\landen2richautoupdated (1)\settings\settings.h(65,21): error C7525: Inlinevariablen erfordern mindestens "/std:c++17".
  (Quelldatei „main/main.cpp“ wird kompiliert)
  
C:\Users\Jo-Lenn\Desktop\landen2richautoupdated (1)\settings\settings.h(66,21): error C7525: Inlinevariablen erfordern mindestens "/std:c++17".
  (Quelldatei „main/main.cpp“ wird kompiliert)
  
C:\Users\Jo-Lenn\Desktop\landen2richautoupdated (1)\settings\settings.h(67,22): error C7525: Inlinevariablen erfordern mindestens "/std:c++17".
  (Quelldatei „main/main.cpp“ wird kompiliert)
  
C:\Users\Jo-Lenn\Desktop\landen2richautoupdated (1)\settings\settings.h(68,22): error C7525: Inlinevariablen erfordern mindestens "/std:c++17".
  (Quelldatei „main/main.cpp“ wird kompiliert)
  
C:\Users\Jo-Lenn\Desktop\landen2richautoupdated (1)\settings\settings.h(69,21): error C7525: Inlinevariablen erfordern mindestens "/std:c++17".
  (Quelldatei „main/main.cpp“ wird kompiliert)
  
C:\Users\Jo-Lenn\Desktop\landen2richautoupdated (1)\settings\settings.h(70,27): error C7525: Inlinevariablen erfordern mindestens "/std:c++17".
  (Quelldatei „main/main.cpp“ wird kompiliert)
  
C:\Users\Jo-Lenn\Desktop\landen2richautoupdated (1)\settings\settings.h(75,21): error C7525: Inlinevariablen erfordern mindestens "/std:c++17".
  (Quelldatei „main/main.cpp“ wird kompiliert)
  
C:\Users\Jo-Lenn\Desktop\landen2richautoupdated (1)\settings\settings.h(76,21): error C7525: Inlinevariablen erfordern mindestens "/std:c++17".
  (Quelldatei „main/main.cpp“ wird kompiliert)
  
C:\Users\Jo-Lenn\Desktop\landen2richautoupdated (1)\settings\settings.h(77,21): error C7525: Inlinevariablen erfordern mindestens "/std:c++17".
  (Quelldatei „main/main.cpp“ wird kompiliert)
  
C:\Users\Jo-Lenn\Desktop\landen2richautoupdated (1)\settings\settings.h(78,21): error C7525: Inlinevariablen erfordern mindestens "/std:c++17".
  (Quelldatei „main/main.cpp“ wird kompiliert)
  
C:\Users\Jo-Lenn\Desktop\landen2richautoupdated (1)\settings\settings.h(79,21): error C7525: Inlinevariablen erfordern mindestens "/std:c++17".
  (Quelldatei „main/main.cpp“ wird kompiliert)
  
C:\Users\Jo-Lenn\Desktop\landen2richautoupdated (1)\settings\settings.h(80,21): error C7525: Inlinevariablen erfordern mindestens "/std:c++17".
  (Quelldatei „main/main.cpp“ wird kompiliert)
  
C:\Users\Jo-Lenn\Desktop\landen2richautoupdated (1)\settings\settings.h(81,21): error C7525: Inlinevariablen erfordern mindestens "/std:c++17".
  (Quelldatei „main/main.cpp“ wird kompiliert)
  
C:\Users\Jo-Lenn\Desktop\landen2richautoupdated (1)\settings\settings.h(82,21): error C7525: Inlinevariablen erfordern mindestens "/std:c++17".
  (Quelldatei „main/main.cpp“ wird kompiliert)
  
C:\Users\Jo-Lenn\Desktop\landen2richautoupdated (1)\settings\settings.h(83,21): error C7525: Inlinevariablen erfordern mindestens "/std:c++17".
  (Quelldatei „main/main.cpp“ wird kompiliert)
  
C:\Users\Jo-Lenn\Desktop\landen2richautoupdated (1)\settings\settings.h(84,21): error C7525: Inlinevariablen erfordern mindestens "/std:c++17".
  (Quelldatei „main/main.cpp“ wird kompiliert)
  
C:\Users\Jo-Lenn\Desktop\landen2richautoupdated (1)\settings\settings.h(85,21): error C7525: Inlinevariablen erfordern mindestens "/std:c++17".
  (Quelldatei „main/main.cpp“ wird kompiliert)
  
C:\Users\Jo-Lenn\Desktop\landen2richautoupdated (1)\settings\settings.h(86,21): error C7525: Inlinevariablen erfordern mindestens "/std:c++17".
  (Quelldatei „main/main.cpp“ wird kompiliert)
  
C:\Users\Jo-Lenn\Desktop\landen2richautoupdated (1)\settings\settings.h(87,20): error C7525: Inlinevariablen erfordern mindestens "/std:c++17".
  (Quelldatei „main/main.cpp“ wird kompiliert)
  
C:\Users\Jo-Lenn\Desktop\landen2richautoupdated (1)\settings\settings.h(88,20): error C7525: Inlinevariablen erfordern mindestens "/std:c++17".
  (Quelldatei „main/main.cpp“ wird kompiliert)
  
C:\Users\Jo-Lenn\Desktop\landen2richautoupdated (1)\settings\settings.h(89,20): error C7525: Inlinevariablen erfordern mindestens "/std:c++17".
  (Quelldatei „main/main.cpp“ wird kompiliert)
  
C:\Users\Jo-Lenn\Desktop\landen2richautoupdated (1)\settings\settings.h(90,20): error C7525: Inlinevariablen erfordern mindestens "/std:c++17".
  (Quelldatei „main/main.cpp“ wird kompiliert)
  
C:\Users\Jo-Lenn\Desktop\landen2richautoupdated (1)\settings\settings.h(91,20): error C7525: Inlinevariablen erfordern mindestens "/std:c++17".
  (Quelldatei „main/main.cpp“ wird kompiliert)
  
C:\Users\Jo-Lenn\Desktop\landen2richautoupdated (1)\settings\settings.h(92,20): error C7525: Inlinevariablen erfordern mindestens "/std:c++17".
  (Quelldatei „main/main.cpp“ wird kompiliert)
  
C:\Users\Jo-Lenn\Desktop\landen2richautoupdated (1)\settings\settings.h(93,21): error C7525: Inlinevariablen erfordern mindestens "/std:c++17".
  (Quelldatei „main/main.cpp“ wird kompiliert)
  
C:\Users\Jo-Lenn\Desktop\landen2richautoupdated (1)\settings\settings.h(94,21): error C7525: Inlinevariablen erfordern mindestens "/std:c++17".
  (Quelldatei „main/main.cpp“ wird kompiliert)
  
C:\Users\Jo-Lenn\Desktop\landen2richautoupdated (1)\game\drawing.h(16,58): warning C4244: "Argument": Konvertierung von "int" in "float", möglicher Datenverlust
  (Quelldatei „main/main.cpp“ wird kompiliert)
  
C:\Users\Jo-Lenn\Desktop\landen2richautoupdated (1)\game\drawing.h(16,51): warning C4244: "Argument": Konvertierung von "int" in "float", möglicher Datenverlust
  (Quelldatei „main/main.cpp“ wird kompiliert)
  
C:\Users\Jo-Lenn\Desktop\landen2richautoupdated (1)\game\drawing.h(16,88): warning C4244: "Argument": Konvertierung von "int" in "float", möglicher Datenverlust
  (Quelldatei „main/main.cpp“ wird kompiliert)
  
C:\Users\Jo-Lenn\Desktop\landen2richautoupdated (1)\game\drawing.h(16,77): warning C4244: "Argument": Konvertierung von "int" in "float", möglicher Datenverlust
  (Quelldatei „main/main.cpp“ wird kompiliert)
  
C:\Users\Jo-Lenn\Desktop\landen2richautoupdated (1)\game\drawing.h(17,58): warning C4244: "Argument": Konvertierung von "int" in "float", möglicher Datenverlust
  (Quelldatei „main/main.cpp“ wird kompiliert)
  
C:\Users\Jo-Lenn\Desktop\landen2richautoupdated (1)\game\drawing.h(17,51): warning C4244: "Argument": Konvertierung von "int" in "float", möglicher Datenverlust
  (Quelldatei „main/main.cpp“ wird kompiliert)
  
C:\Users\Jo-Lenn\Desktop\landen2richautoupdated (1)\game\drawing.h(17,88): warning C4244: "Argument": Konvertierung von "int" in "float", möglicher Datenverlust
  (Quelldatei „main/main.cpp“ wird kompiliert)
  
C:\Users\Jo-Lenn\Desktop\landen2richautoupdated (1)\game\drawing.h(17,77): warning C4244: "Argument": Konvertierung von "int" in "float", möglicher Datenverlust
  (Quelldatei „main/main.cpp“ wird kompiliert)
  
C:\Users\Jo-Lenn\Desktop\landen2richautoupdated (1)\game\drawing.h(18,58): warning C4244: "Argument": Konvertierung von "int" in "float", möglicher Datenverlust
  (Quelldatei „main/main.cpp“ wird kompiliert)
  
C:\Users\Jo-Lenn\Desktop\landen2richautoupdated (1)\game\drawing.h(18,51): warning C4244: "Argument": Konvertierung von "int" in "float", möglicher Datenverlust
  (Quelldatei „main/main.cpp“ wird kompiliert)
  
C:\Users\Jo-Lenn\Desktop\landen2richautoupdated (1)\game\drawing.h(18,88): warning C4244: "Argument": Konvertierung von "int" in "float", möglicher Datenverlust
  (Quelldatei „main/main.cpp“ wird kompiliert)
  
C:\Users\Jo-Lenn\Desktop\landen2richautoupdated (1)\game\drawing.h(18,77): warning C4244: "Argument": Konvertierung von "int" in "float", möglicher Datenverlust
  (Quelldatei „main/main.cpp“ wird kompiliert)
  
C:\Users\Jo-Lenn\Desktop\landen2richautoupdated (1)\game\drawing.h(19,58): warning C4244: "Argument": Konvertierung von "int" in "float", möglicher Datenverlust
  (Quelldatei „main/main.cpp“ wird kompiliert)
  
C:\Users\Jo-Lenn\Desktop\landen2richautoupdated (1)\game\drawing.h(19,51): warning C4244: "Argument": Konvertierung von "int" in "float", möglicher Datenverlust
  (Quelldatei „main/main.cpp“ wird kompiliert)
  
C:\Users\Jo-Lenn\Desktop\landen2richautoupdated (1)\game\drawing.h(19,88): warning C4244: "Argument": Konvertierung von "int" in "float", möglicher Datenverlust
  (Quelldatei „main/main.cpp“ wird kompiliert)
  
C:\Users\Jo-Lenn\Desktop\landen2richautoupdated (1)\game\drawing.h(19,77): warning C4244: "Argument": Konvertierung von "int" in "float", möglicher Datenverlust
  (Quelldatei „main/main.cpp“ wird kompiliert)
  
C:\Users\Jo-Lenn\Desktop\landen2richautoupdated (1)\game\drawing.h(20,52): warning C4244: "Argument": Konvertierung von "int" in "float", möglicher Datenverlust
  (Quelldatei „main/main.cpp“ wird kompiliert)
  
C:\Users\Jo-Lenn\Desktop\landen2richautoupdated (1)\game\drawing.h(20,49): warning C4244: "Argument": Konvertierung von "int" in "float", möglicher Datenverlust
  (Quelldatei „main/main.cpp“ wird kompiliert)
  
C:\Users\Jo-Lenn\Desktop\landen2richautoupdated (1)\game\drawing.h(20,72): warning C4244: "Argument": Konvertierung von "int" in "float", möglicher Datenverlust
  (Quelldatei „main/main.cpp“ wird kompiliert)
  
C:\Users\Jo-Lenn\Desktop\landen2richautoupdated (1)\game\drawing.h(20,65): warning C4244: "Argument": Konvertierung von "int" in "float", möglicher Datenverlust
  (Quelldatei „main/main.cpp“ wird kompiliert)
  
C:\Users\Jo-Lenn\Desktop\landen2richautoupdated (1)\game\drawing.h(126,15): warning C4244: "Initialisierung": Konvertierung von "double" in "float", möglicher Datenverlust
  (Quelldatei „main/main.cpp“ wird kompiliert)
  
C:\Users\Jo-Lenn\Desktop\landen2richautoupdated (1)\game\drawing.h(132,57): warning C4244: "Argument": Konvertierung von "double" in "float", möglicher Datenverlust
  (Quelldatei „main/main.cpp“ wird kompiliert)
  
C:\Users\Jo-Lenn\Desktop\landen2richautoupdated (1)\game\drawing.h(132,43): warning C4244: "Argument": Konvertierung von "double" in "float", möglicher Datenverlust
  (Quelldatei „main/main.cpp“ wird kompiliert)
  
C:\Users\Jo-Lenn\Desktop\landen2richautoupdated (1)\game\drawing.h(136,46): warning C4244: "Argument": Konvertierung von "double" in "float", möglicher Datenverlust
  (Quelldatei „main/main.cpp“ wird kompiliert)
  
C:\Users\Jo-Lenn\Desktop\landen2richautoupdated (1)\game\drawing.h(136,33): warning C4244: "Argument": Konvertierung von "double" in "float", möglicher Datenverlust
  (Quelldatei „main/main.cpp“ wird kompiliert)
  
C:\Users\Jo-Lenn\Desktop\landen2richautoupdated (1)\game\actorloop.h(98,57): warning C4244: "Argument": Konvertierung von "double" in "float", möglicher Datenverlust
  (Quelldatei „main/main.cpp“ wird kompiliert)
  
C:\Users\Jo-Lenn\Desktop\landen2richautoupdated (1)\game\actorloop.h(98,29): warning C4244: "Argument": Konvertierung von "double" in "float", möglicher Datenverlust
  (Quelldatei „main/main.cpp“ wird kompiliert)
  
C:\Users\Jo-Lenn\Desktop\landen2richautoupdated (1)\game\actorloop.h(185,20): warning C4244: "Initialisierung": Konvertierung von "double" in "float", möglicher Datenverlust
  (Quelldatei „main/main.cpp“ wird kompiliert)
  
C:\Users\Jo-Lenn\Desktop\landen2richautoupdated (1)\game\actorloop.h(189,18): warning C4244: "Initialisierung": Konvertierung von "double" in "float", möglicher Datenverlust
  (Quelldatei „main/main.cpp“ wird kompiliert)
  
C:\Users\Jo-Lenn\Desktop\landen2richautoupdated (1)\game\actorloop.h(195,17): warning C4551: Dem Funktionsaufruf fehlt die Argumentliste
  (Quelldatei „main/main.cpp“ wird kompiliert)
  
C:\Users\Jo-Lenn\Desktop\landen2richautoupdated (1)\game\actorloop.h(197,60): warning C4244: "Argument": Konvertierung von "float" in "int", möglicher Datenverlust
  (Quelldatei „main/main.cpp“ wird kompiliert)
  
C:\Users\Jo-Lenn\Desktop\landen2richautoupdated (1)\game\actorloop.h(197,49): warning C4244: "Argument": Konvertierung von "float" in "int", möglicher Datenverlust
  (Quelldatei „main/main.cpp“ wird kompiliert)
  
C:\Users\Jo-Lenn\Desktop\landen2richautoupdated (1)\game\actorloop.h(197,45): warning C4244: "Argument": Konvertierung von "double" in "int", möglicher Datenverlust
  (Quelldatei „main/main.cpp“ wird kompiliert)
  
C:\Users\Jo-Lenn\Desktop\landen2richautoupdated (1)\game\actorloop.h(197,22): warning C4244: "Argument": Konvertierung von "double" in "int", möglicher Datenverlust
  (Quelldatei „main/main.cpp“ wird kompiliert)
  
C:\Users\Jo-Lenn\Desktop\landen2richautoupdated (1)\game\actorloop.h(199,51): warning C4244: "Argument": Konvertierung von "double" in "float", möglicher Datenverlust
  (Quelldatei „main/main.cpp“ wird kompiliert)
  
C:\Users\Jo-Lenn\Desktop\landen2richautoupdated (1)\game\actorloop.h(199,28): warning C4244: "Argument": Konvertierung von "double" in "float", möglicher Datenverlust
  (Quelldatei „main/main.cpp“ wird kompiliert)
  
C:\Users\Jo-Lenn\Desktop\landen2richautoupdated (1)\game\actorloop.h(205,85): warning C4244: "Argument": Konvertierung von "double" in "float", möglicher Datenverlust
  (Quelldatei „main/main.cpp“ wird kompiliert)
  
C:\Users\Jo-Lenn\Desktop\landen2richautoupdated (1)\game\actorloop.h(205,54): warning C4244: "Argument": Konvertierung von "double" in "float", möglicher Datenverlust
  (Quelldatei „main/main.cpp“ wird kompiliert)
  
C:\Users\Jo-Lenn\Desktop\landen2richautoupdated (1)\game\actorloop.h(233,103): warning C4244: "Argument": Konvertierung von "double" in "float", möglicher Datenverlust
  (Quelldatei „main/main.cpp“ wird kompiliert)
  
C:\Users\Jo-Lenn\Desktop\landen2richautoupdated (1)\game\actorloop.h(233,56): warning C4244: "Argument": Konvertierung von "double" in "float", möglicher Datenverlust
  (Quelldatei „main/main.cpp“ wird kompiliert)
  
C:\Users\Jo-Lenn\Desktop\landen2richautoupdated (1)\game\actorloop.h(259,97): warning C4244: "Argument": Konvertierung von "double" in "float", möglicher Datenverlust
  (Quelldatei „main/main.cpp“ wird kompiliert)
  
C:\Users\Jo-Lenn\Desktop\landen2richautoupdated (1)\game\actorloop.h(259,56): warning C4244: "Argument": Konvertierung von "double" in "float", möglicher Datenverlust
  (Quelldatei „main/main.cpp“ wird kompiliert)
  
C:\Users\Jo-Lenn\Desktop\landen2richautoupdated (1)\game\actorloop.h(274,102): warning C4244: "Argument": Konvertierung von "double" in "float", möglicher Datenverlust
  (Quelldatei „main/main.cpp“ wird kompiliert)
  
C:\Users\Jo-Lenn\Desktop\landen2richautoupdated (1)\game\actorloop.h(274,56): warning C4244: "Argument": Konvertierung von "double" in "float", möglicher Datenverlust
  (Quelldatei „main/main.cpp“ wird kompiliert)
  
C:\Users\Jo-Lenn\Desktop\landen2richautoupdated (1)\game\actorloop.h(305,61): warning C4244: "Argument": Konvertierung von "double" in "float", möglicher Datenverlust
  (Quelldatei „main/main.cpp“ wird kompiliert)
  
C:\Users\Jo-Lenn\Desktop\landen2richautoupdated (1)\game\actorloop.h(305,36): warning C4244: "Argument": Konvertierung von "double" in "float", möglicher Datenverlust
  (Quelldatei „main/main.cpp“ wird kompiliert)
  
C:\Users\Jo-Lenn\Desktop\landen2richautoupdated (1)\game\actorloop.h(306,61): warning C4244: "Argument": Konvertierung von "double" in "float", möglicher Datenverlust
  (Quelldatei „main/main.cpp“ wird kompiliert)
  
C:\Users\Jo-Lenn\Desktop\landen2richautoupdated (1)\game\actorloop.h(306,36): warning C4244: "Argument": Konvertierung von "double" in "float", möglicher Datenverlust
  (Quelldatei „main/main.cpp“ wird kompiliert)
  
C:\Users\Jo-Lenn\Desktop\landen2richautoupdated (1)\game\actorloop.h(417,30): warning C4244: "Argument": Konvertierung von "double" in "float", möglicher Datenverlust
  (Quelldatei „main/main.cpp“ wird kompiliert)
  
C:\Users\Jo-Lenn\Desktop\landen2richautoupdated (1)\menu\menu.h(274,23): warning C4244: "=": Konvertierung von "LONG" in "float", möglicher Datenverlust
  (Quelldatei „main/main.cpp“ wird kompiliert)
  
C:\Users\Jo-Lenn\Desktop\landen2richautoupdated (1)\menu\menu.h(275,23): warning C4244: "=": Konvertierung von "LONG" in "float", möglicher Datenverlust
  (Quelldatei „main/main.cpp“ wird kompiliert)
  
C:\Users\Jo-Lenn\Desktop\landen2richautoupdated (1)\main\main.cpp(66,6): warning C4326: Der Rückgabetyp von "main" sollte "int" und nicht "void" sein
C:\Users\Jo-Lenn\Desktop\landen2richautoupdated (1)\main\main.cpp(101,9): warning C4551: Dem Funktionsaufruf fehlt die Argumentliste
  Code wird generiert...
